{
"contracts/mock/VRFCoordinatorV2Mock.sol":{"l":{},"path":"/home/rishabh/hardhat-smartcontract-lottery/contracts/mock/VRFCoordinatorV2Mock.sol","s":{},"b":{},"f":{},"fnMap":{},"statementMap":{},"branchMap":{}},
"contracts/Raffle.sol":{"l":{"74":3,"75":3,"76":3,"77":3,"78":3,"79":3,"80":3,"81":3,"85":5,"86":1,"88":4,"89":1,"91":3,"92":3,"107":1,"109":1,"110":1,"111":1,"113":1,"119":1,"120":1,"121":0,"123":1,"124":1,"131":1,"139":0,"140":0,"141":0,"142":0,"143":0,"144":0,"145":0,"146":0,"147":0,"149":0,"156":5,"160":1,"164":0,"168":1,"173":0,"177":0,"181":0,"185":0,"189":6,"193":5},"path":"/home/rishabh/hardhat-smartcontract-lottery/contracts/Raffle.sol","s":{"1":5,"2":4,"3":3,"4":3,"5":1,"6":1,"7":1,"8":1,"9":1,"10":1,"11":1,"12":1,"13":0,"14":0,"15":0,"16":0,"17":0,"18":5,"19":1,"20":0,"21":1,"22":0,"23":0,"24":0,"25":0,"26":6,"27":5},"b":{"1":[1,4],"2":[1,3],"3":[0,1],"4":[0,0]},"f":{"1":3,"2":5,"3":1,"4":1,"5":0,"6":5,"7":1,"8":0,"9":1,"10":0,"11":0,"12":0,"13":0,"14":6,"15":5},"fnMap":{"1":{"name":"constructor","line":73,"loc":{"start":{"line":73,"column":4},"end":{"line":82,"column":4}}},"2":{"name":"enterRaffle","line":84,"loc":{"start":{"line":84,"column":4},"end":{"line":93,"column":4}}},"3":{"name":"checkUpkeep","line":106,"loc":{"start":{"line":106,"column":4},"end":{"line":114,"column":4}}},"4":{"name":"performUpkeep","line":116,"loc":{"start":{"line":116,"column":4},"end":{"line":132,"column":4}}},"5":{"name":"fulfillRandomWords","line":134,"loc":{"start":{"line":134,"column":4},"end":{"line":150,"column":4}}},"6":{"name":"getEntranceFee","line":155,"loc":{"start":{"line":155,"column":4},"end":{"line":157,"column":4}}},"7":{"name":"getPlayers","line":159,"loc":{"start":{"line":159,"column":4},"end":{"line":161,"column":4}}},"8":{"name":"getRecentWinner","line":163,"loc":{"start":{"line":163,"column":4},"end":{"line":165,"column":4}}},"9":{"name":"getRaffleState","line":167,"loc":{"start":{"line":167,"column":4},"end":{"line":169,"column":4}}},"10":{"name":"getNumWords","line":172,"loc":{"start":{"line":172,"column":4},"end":{"line":174,"column":4}}},"11":{"name":"getNumberOfPlayers","line":176,"loc":{"start":{"line":176,"column":4},"end":{"line":178,"column":4}}},"12":{"name":"getLatestTimeStamp","line":180,"loc":{"start":{"line":180,"column":4},"end":{"line":182,"column":4}}},"13":{"name":"getRequestConfirmations","line":184,"loc":{"start":{"line":184,"column":4},"end":{"line":186,"column":4}}},"14":{"name":"getInterval","line":188,"loc":{"start":{"line":188,"column":4},"end":{"line":190,"column":4}}},"15":{"name":"getSubscriptionId","line":192,"loc":{"start":{"line":192,"column":4},"end":{"line":194,"column":4}}}},"statementMap":{"1":{"start":{"line":85,"column":8},"end":{"line":85,"column":3139}},"2":{"start":{"line":88,"column":8},"end":{"line":88,"column":3241}},"3":{"start":{"line":91,"column":8},"end":{"line":91,"column":42}},"4":{"start":{"line":92,"column":8},"end":{"line":92,"column":36}},"5":{"start":{"line":107,"column":8},"end":{"line":107,"column":58}},"6":{"start":{"line":109,"column":8},"end":{"line":109,"column":76}},"7":{"start":{"line":110,"column":8},"end":{"line":110,"column":48}},"8":{"start":{"line":111,"column":8},"end":{"line":111,"column":51}},"9":{"start":{"line":119,"column":8},"end":{"line":119,"column":46}},"10":{"start":{"line":120,"column":8},"end":{"line":120,"column":4585}},"11":{"start":{"line":124,"column":8},"end":{"line":124,"column":4781}},"12":{"start":{"line":131,"column":8},"end":{"line":131,"column":45}},"13":{"start":{"line":139,"column":8},"end":{"line":139,"column":66}},"14":{"start":{"line":140,"column":8},"end":{"line":140,"column":63}},"15":{"start":{"line":145,"column":8},"end":{"line":145,"column":78}},"16":{"start":{"line":146,"column":8},"end":{"line":146,"column":5635}},"17":{"start":{"line":149,"column":8},"end":{"line":149,"column":39}},"18":{"start":{"line":156,"column":8},"end":{"line":156,"column":28}},"19":{"start":{"line":160,"column":8},"end":{"line":160,"column":31}},"20":{"start":{"line":164,"column":8},"end":{"line":164,"column":29}},"21":{"start":{"line":168,"column":8},"end":{"line":168,"column":28}},"22":{"start":{"line":173,"column":8},"end":{"line":173,"column":24}},"23":{"start":{"line":177,"column":8},"end":{"line":177,"column":31}},"24":{"start":{"line":181,"column":8},"end":{"line":181,"column":30}},"25":{"start":{"line":185,"column":8},"end":{"line":185,"column":36}},"26":{"start":{"line":189,"column":8},"end":{"line":189,"column":25}},"27":{"start":{"line":193,"column":8},"end":{"line":193,"column":31}}},"branchMap":{"1":{"line":85,"type":"if","locations":[{"start":{"line":85,"column":8},"end":{"line":85,"column":8}},{"start":{"line":85,"column":8},"end":{"line":85,"column":8}}]},"2":{"line":88,"type":"if","locations":[{"start":{"line":88,"column":8},"end":{"line":88,"column":8}},{"start":{"line":88,"column":8},"end":{"line":88,"column":8}}]},"3":{"line":120,"type":"if","locations":[{"start":{"line":120,"column":8},"end":{"line":120,"column":8}},{"start":{"line":120,"column":8},"end":{"line":120,"column":8}}]},"4":{"line":146,"type":"if","locations":[{"start":{"line":146,"column":8},"end":{"line":146,"column":8}},{"start":{"line":146,"column":8},"end":{"line":146,"column":8}}]}}}}
