TN:
SF:/home/rishabh/hardhat-smartcontract-lottery/contracts/mock/VRFCoordinatorV2Mock.sol
FNF:0
FNH:0
LF:0
LH:0
BRF:0
BRH:0
end_of_record
TN:
SF:/home/rishabh/hardhat-smartcontract-lottery/contracts/Raffle.sol
FN:73,constructor
FN:84,enterRaffle
FN:106,checkUpkeep
FN:116,performUpkeep
FN:134,fulfillRandomWords
FN:155,getEntranceFee
FN:159,getPlayers
FN:163,getRecentWinner
FN:167,getRaffleState
FN:172,getNumWords
FN:176,getNumberOfPlayers
FN:180,getLatestTimeStamp
FN:184,getRequestConfirmations
FN:188,getInterval
FN:192,getSubscriptionId
FNF:15
FNH:9
FNDA:3,constructor
FNDA:5,enterRaffle
FNDA:1,checkUpkeep
FNDA:1,performUpkeep
FNDA:0,fulfillRandomWords
FNDA:5,getEntranceFee
FNDA:1,getPlayers
FNDA:0,getRecentWinner
FNDA:1,getRaffleState
FNDA:0,getNumWords
FNDA:0,getNumberOfPlayers
FNDA:0,getLatestTimeStamp
FNDA:0,getRequestConfirmations
FNDA:6,getInterval
FNDA:5,getSubscriptionId
DA:74,3
DA:75,3
DA:76,3
DA:77,3
DA:78,3
DA:79,3
DA:80,3
DA:81,3
DA:85,5
DA:86,1
DA:88,4
DA:89,1
DA:91,3
DA:92,3
DA:107,1
DA:109,1
DA:110,1
DA:111,1
DA:113,1
DA:119,1
DA:120,1
DA:121,0
DA:123,1
DA:124,1
DA:131,1
DA:139,0
DA:140,0
DA:141,0
DA:142,0
DA:143,0
DA:144,0
DA:145,0
DA:146,0
DA:147,0
DA:149,0
DA:156,5
DA:160,1
DA:164,0
DA:168,1
DA:173,0
DA:177,0
DA:181,0
DA:185,0
DA:189,6
DA:193,5
LF:45
LH:29
BRDA:85,1,0,1
BRDA:85,1,1,4
BRDA:88,2,0,1
BRDA:88,2,1,3
BRDA:120,3,0,0
BRDA:120,3,1,1
BRDA:146,4,0,0
BRDA:146,4,1,0
BRF:8
BRH:5
end_of_record
